2010-05-26 23:09:35 Warning: Warning (512): <span style="color:Red;text-align:left"><b>SQL Error:</b> 1054: Unknown column 'Study.date' in 'order clause'</span> in [/home/takuji/project/cake/cake/libs/model/datasources/dbo_source.php, line 666]
2010-05-26 23:09:35 Warning: Warning (2): Invalid argument supplied for foreach() in [/home/takuji/project/study/views/studies/index.ctp, line 14]
2010-05-26 23:09:49 Warning: Warning (512): <span style="color:Red;text-align:left"><b>SQL Error:</b> 1054: Unknown column 'Study.date' in 'order clause'</span> in [/home/takuji/project/cake/cake/libs/model/datasources/dbo_source.php, line 666]
2010-05-26 23:09:49 Warning: Warning (2): Invalid argument supplied for foreach() in [/home/takuji/project/study/views/studies/index.ctp, line 14]
2010-05-26 23:10:25 Warning: Warning (512): <span style="color:Red;text-align:left"><b>SQL Error:</b> 1054: Unknown column 'Study.date' in 'order clause'</span> in [/home/takuji/project/cake/cake/libs/model/datasources/dbo_source.php, line 666]
2010-05-26 23:10:25 Warning: Warning (2): Invalid argument supplied for foreach() in [/home/takuji/project/study/views/studies/index.ctp, line 14]
2010-05-26 23:11:18 Warning: Warning (2): Invalid argument supplied for foreach() in [/home/takuji/project/study/views/studies/index.ctp, line 14]
2010-05-26 23:11:31 Warning: Warning (2): Invalid argument supplied for foreach() in [/home/takuji/project/study/views/studies/index.ctp, line 14]
2010-05-26 23:11:32 Warning: Warning (2): Invalid argument supplied for foreach() in [/home/takuji/project/study/views/studies/index.ctp, line 14]
2010-05-26 23:32:52 Warning: Warning (512): <span style="color:Red;text-align:left"><b>SQL Error:</b> 1064: You have an error in your SQL syntax; check the manual that corresponds to your MySQL server version for the right syntax to use near 'Study.date desc' at line 1</span> in [/home/takuji/project/cake/cake/libs/model/datasources/dbo_source.php, line 666]
2010-05-26 23:32:52 Warning: Warning (2): Invalid argument supplied for foreach() in [/home/takuji/project/study/views/studies/index.ctp, line 16]
2010-05-27 01:26:44 Warning: Warning (512): Method HatenaHelper::print does not exist in [/home/takuji/project/cake/cake/libs/view/helper.php, line 154]
2010-05-27 01:29:30 Warning: Warning (2): strpos() [http://php.net/function.strpos]: Empty delimiter in [/usr/share/php/HatenaSyntax.php, line 116]
2010-05-27 01:29:59 Warning: Warning (2): strpos() [http://php.net/function.strpos]: Empty delimiter in [/usr/share/php/HatenaSyntax.php, line 116]
2010-05-27 01:30:00 Warning: Warning (2): strpos() [http://php.net/function.strpos]: Empty delimiter in [/usr/share/php/HatenaSyntax.php, line 116]
2010-05-27 01:30:19 Warning: Warning (2): strpos() [http://php.net/function.strpos]: Empty delimiter in [/usr/share/php/HatenaSyntax.php, line 116]
2010-05-27 01:31:20 Warning: Warning (2): strpos() [http://php.net/function.strpos]: Empty delimiter in [/usr/share/php/HatenaSyntax.php, line 116]
2010-05-27 07:53:53 Warning: Warning (2): Invalid argument supplied for foreach() in [/home/takuji/project/study/views/studies/show.ctp, line 28]
2010-05-27 08:01:34 Warning: Warning (2): Invalid argument supplied for foreach() in [/home/takuji/project/study/views/studies/show.ctp, line 36]
2010-05-27 08:02:37 Warning: Warning (512): <span style="color:Red;text-align:left"><b>SQL Error:</b> 1054: Unknown column 'Study.4' in 'field list'</span> in [/home/takuji/project/cake/cake/libs/model/datasources/dbo_source.php, line 666]
2010-05-27 08:02:37 Warning: Warning (2): Invalid argument supplied for foreach() in [/home/takuji/project/study/views/studies/show.ctp, line 36]
2010-05-27 08:33:04 Warning: Warning (4096): Object of class SlidesController could not be converted to string in [/home/takuji/project/study/views/slides/show.ctp, line 43]
2010-05-27 08:33:05 Warning: Warning (4096): Object of class SlidesController could not be converted to string in [/home/takuji/project/study/views/slides/show.ctp, line 43]
2010-05-27 08:33:49 Warning: Warning (4096): Object of class SlidesController could not be converted to string in [/home/takuji/project/study/views/slides/show.ctp, line 43]
2010-05-27 08:33:51 Warning: Warning (4096): Object of class SlidesController could not be converted to string in [/home/takuji/project/study/views/slides/show.ctp, line 43]
2010-05-27 08:33:51 Warning: Warning (4096): Object of class SlidesController could not be converted to string in [/home/takuji/project/study/views/slides/show.ctp, line 43]
2010-05-27 08:33:52 Warning: Warning (4096): Object of class SlidesController could not be converted to string in [/home/takuji/project/study/views/slides/show.ctp, line 43]
2010-05-27 08:33:52 Warning: Warning (4096): Object of class SlidesController could not be converted to string in [/home/takuji/project/study/views/slides/show.ctp, line 43]
2010-05-27 08:33:58 Warning: Warning (4096): Object of class SlidesController could not be converted to string in [/home/takuji/project/study/views/slides/show.ctp, line 43]
2010-05-27 08:33:59 Warning: Warning (4096): Object of class SlidesController could not be converted to string in [/home/takuji/project/study/views/slides/show.ctp, line 43]
2010-05-27 21:20:54 Warning: Warning (2): array_merge() [http://php.net/function.array-merge]: Argument #2 is not an array in [/home/takuji/project/cake/cake/libs/view/helpers/text.php, line 186]
2010-05-27 21:20:54 Warning: Warning (2): extract() expects parameter 1 to be array, null given in [/home/takuji/project/cake/cake/libs/view/helpers/text.php, line 187]
2010-05-27 21:22:44 Warning: Warning (2): array_merge() [http://php.net/function.array-merge]: Argument #2 is not an array in [/home/takuji/project/cake/cake/libs/view/helpers/text.php, line 186]
2010-05-27 21:22:44 Warning: Warning (2): extract() expects parameter 1 to be array, null given in [/home/takuji/project/cake/cake/libs/view/helpers/text.php, line 187]
2010-05-27 21:46:45 Warning: Warning (2): Invalid argument supplied for foreach() in [/home/takuji/project/study/views/studies/show.ctp, line 37]
2010-05-27 21:50:29 Warning: Warning (2): Missing argument 1 for StudiesController::show() in [/home/takuji/project/study/controllers/studies_controller.php, line 27]
2010-05-27 21:50:29 Warning: Warning (2): Invalid argument supplied for foreach() in [/home/takuji/project/study/views/studies/show.ctp, line 37]
2010-05-27 22:07:16 Warning: Warning (2): Missing argument 1 for StudiesController::show() in [/home/takuji/project/study/controllers/studies_controller.php, line 27]
2010-05-27 22:07:16 Warning: Warning (2): Invalid argument supplied for foreach() in [/home/takuji/project/study/views/studies/show.ctp, line 37]
2010-05-27 22:07:29 Warning: Warning (2): Missing argument 1 for StudiesController::show() in [/home/takuji/project/study/controllers/studies_controller.php, line 27]
2010-05-27 22:07:29 Warning: Warning (2): Invalid argument supplied for foreach() in [/home/takuji/project/study/views/studies/show.ctp, line 37]
2010-05-27 22:38:38 Warning: Warning (2): Invalid argument supplied for foreach() in [/home/takuji/project/study/views/studies/show.ctp, line 37]
2010-05-27 22:59:37 Warning: Warning (2): Missing argument 1 for StudiesController::show() in [/home/takuji/project/study/controllers/studies_controller.php, line 27]
2010-05-27 22:59:37 Warning: Warning (2): Invalid argument supplied for foreach() in [/home/takuji/project/study/views/studies/show.ctp, line 37]
2010-05-27 23:06:02 Warning: Warning (2): Missing argument 1 for StudiesController::show() in [/home/takuji/project/study/controllers/studies_controller.php, line 27]
2010-05-27 23:06:02 Warning: Warning (2): Invalid argument supplied for foreach() in [/home/takuji/project/study/views/studies/show.ctp, line 37]
2010-05-27 23:06:13 Warning: Warning (2): Missing argument 1 for StudiesController::show() in [/home/takuji/project/study/controllers/studies_controller.php, line 27]
2010-05-27 23:06:13 Warning: Warning (2): Invalid argument supplied for foreach() in [/home/takuji/project/study/views/studies/show.ctp, line 37]
2010-05-27 23:07:03 Warning: Warning (2): Missing argument 1 for StudiesController::show() in [/home/takuji/project/study/controllers/studies_controller.php, line 27]
2010-05-27 23:07:03 Warning: Warning (2): Invalid argument supplied for foreach() in [/home/takuji/project/study/views/studies/show.ctp, line 37]
2010-05-28 00:04:53 Warning: Warning (2): Invalid argument supplied for foreach() in [/home/takuji/project/study/views/studies/show.ctp, line 17]
2010-06-02 13:52:36 Warning: Warning (2): Invalid argument supplied for foreach() in [/home/takuji/project/study/views/studies/show.ctp, line 17]
2010-06-02 13:52:43 Warning: Warning (2): Invalid argument supplied for foreach() in [/home/takuji/project/study/views/studies/show.ctp, line 17]
2010-06-02 13:53:08 Warning: Warning (2): Invalid argument supplied for foreach() in [/home/takuji/project/study/views/studies/show.ctp, line 17]
2010-06-02 13:54:18 Warning: Warning (2): Invalid argument supplied for foreach() in [/home/takuji/project/study/views/studies/show.ctp, line 17]
2010-06-02 13:54:23 Warning: Warning (2): Missing argument 1 for StudiesController::show() in [/home/takuji/project/study/controllers/studies_controller.php, line 28]
2010-06-02 13:54:23 Warning: Warning (2): Invalid argument supplied for foreach() in [/home/takuji/project/study/views/studies/show.ctp, line 17]
2010-06-29 00:33:17 Warning: Warning (512): Cache not configured properly. Please check Cache::config(); in APP/config/core.php in [/home/takuji/project/cake/cake/libs/configure.php, line 399]
2010-06-29 00:33:17 Warning: Warning (512): /persistent/ is not writable in [/home/takuji/project/cake/cake/libs/cache/file.php, line 263]
2010-06-29 00:33:17 Warning: Warning (512): /models/ is not writable in [/home/takuji/project/cake/cake/libs/cache/file.php, line 263]
2010-06-29 00:33:24 Warning: Warning (512): Cache not configured properly. Please check Cache::config(); in APP/config/core.php in [/home/takuji/project/cake/cake/libs/configure.php, line 399]
2010-06-29 00:33:24 Warning: Warning (512): /persistent/ is not writable in [/home/takuji/project/cake/cake/libs/cache/file.php, line 263]
2010-06-29 00:33:24 Warning: Warning (512): /models/ is not writable in [/home/takuji/project/cake/cake/libs/cache/file.php, line 263]
2010-06-29 00:33:24 Warning: Warning (512): Cache not configured properly. Please check Cache::config(); in APP/config/core.php in [/home/takuji/project/cake/cake/libs/configure.php, line 399]
2010-06-29 00:33:24 Warning: Warning (512): /persistent/ is not writable in [/home/takuji/project/cake/cake/libs/cache/file.php, line 263]
2010-06-29 00:33:24 Warning: Warning (512): /models/ is not writable in [/home/takuji/project/cake/cake/libs/cache/file.php, line 263]
2010-06-29 00:39:38 Warning: Warning (512): Cache not configured properly. Please check Cache::config(); in APP/config/core.php in [/home/takuji/project/cake/cake/libs/configure.php, line 399]
2010-06-29 00:39:38 Warning: Warning (512): /persistent/ is not writable in [/home/takuji/project/cake/cake/libs/cache/file.php, line 263]
2010-06-29 00:39:38 Warning: Warning (512): /models/ is not writable in [/home/takuji/project/cake/cake/libs/cache/file.php, line 263]
2010-06-29 00:39:39 Warning: Warning (512): Cache not configured properly. Please check Cache::config(); in APP/config/core.php in [/home/takuji/project/cake/cake/libs/configure.php, line 399]
2010-06-29 00:39:39 Warning: Warning (512): /persistent/ is not writable in [/home/takuji/project/cake/cake/libs/cache/file.php, line 263]
2010-06-29 00:39:39 Warning: Warning (512): /models/ is not writable in [/home/takuji/project/cake/cake/libs/cache/file.php, line 263]
2010-06-29 00:39:40 Warning: Warning (512): Cache not configured properly. Please check Cache::config(); in APP/config/core.php in [/home/takuji/project/cake/cake/libs/configure.php, line 399]
2010-06-29 00:39:40 Warning: Warning (512): /persistent/ is not writable in [/home/takuji/project/cake/cake/libs/cache/file.php, line 263]
2010-06-29 00:39:40 Warning: Warning (512): /models/ is not writable in [/home/takuji/project/cake/cake/libs/cache/file.php, line 263]
2010-06-29 00:39:40 Warning: Warning (512): Cache not configured properly. Please check Cache::config(); in APP/config/core.php in [/home/takuji/project/cake/cake/libs/configure.php, line 399]
2010-06-29 00:39:40 Warning: Warning (512): /persistent/ is not writable in [/home/takuji/project/cake/cake/libs/cache/file.php, line 263]
2010-06-29 00:39:40 Warning: Warning (512): /models/ is not writable in [/home/takuji/project/cake/cake/libs/cache/file.php, line 263]
2010-06-29 00:39:41 Warning: Warning (512): Cache not configured properly. Please check Cache::config(); in APP/config/core.php in [/home/takuji/project/cake/cake/libs/configure.php, line 399]
2010-06-29 00:39:41 Warning: Warning (512): /persistent/ is not writable in [/home/takuji/project/cake/cake/libs/cache/file.php, line 263]
2010-06-29 00:39:41 Warning: Warning (512): /models/ is not writable in [/home/takuji/project/cake/cake/libs/cache/file.php, line 263]
2010-06-29 00:39:41 Warning: Warning (512): Cache not configured properly. Please check Cache::config(); in APP/config/core.php in [/home/takuji/project/cake/cake/libs/configure.php, line 399]
2010-06-29 00:39:41 Warning: Warning (512): /persistent/ is not writable in [/home/takuji/project/cake/cake/libs/cache/file.php, line 263]
2010-06-29 00:39:41 Warning: Warning (512): /models/ is not writable in [/home/takuji/project/cake/cake/libs/cache/file.php, line 263]
2010-06-29 00:41:26 Warning: Warning (512): Cache not configured properly. Please check Cache::config(); in APP/config/core.php in [/home/takuji/project/cake/cake/libs/configure.php, line 399]
2010-06-29 00:41:26 Warning: Warning (512): /persistent/ is not writable in [/home/takuji/project/cake/cake/libs/cache/file.php, line 263]
2010-06-29 00:41:26 Warning: Warning (512): /models/ is not writable in [/home/takuji/project/cake/cake/libs/cache/file.php, line 263]
2010-06-29 00:41:26 Warning: Warning (512): Cache not configured properly. Please check Cache::config(); in APP/config/core.php in [/home/takuji/project/cake/cake/libs/configure.php, line 399]
2010-06-29 00:41:26 Warning: Warning (512): /persistent/ is not writable in [/home/takuji/project/cake/cake/libs/cache/file.php, line 263]
2010-06-29 00:41:26 Warning: Warning (512): /models/ is not writable in [/home/takuji/project/cake/cake/libs/cache/file.php, line 263]
2010-06-29 00:45:45 Warning: Warning (512): Cache not configured properly. Please check Cache::config(); in APP/config/core.php in [/home/takuji/project/cake/cake/libs/configure.php, line 399]
2010-06-29 00:45:45 Warning: Warning (512): /persistent/ is not writable in [/home/takuji/project/cake/cake/libs/cache/file.php, line 263]
2010-06-29 00:45:45 Warning: Warning (512): /models/ is not writable in [/home/takuji/project/cake/cake/libs/cache/file.php, line 263]
2010-06-29 00:45:45 Warning: Warning (512): Cache not configured properly. Please check Cache::config(); in APP/config/core.php in [/home/takuji/project/cake/cake/libs/configure.php, line 399]
2010-06-29 00:45:45 Warning: Warning (512): /persistent/ is not writable in [/home/takuji/project/cake/cake/libs/cache/file.php, line 263]
2010-06-29 00:45:45 Warning: Warning (512): /models/ is not writable in [/home/takuji/project/cake/cake/libs/cache/file.php, line 263]
2010-06-29 00:45:46 Warning: Warning (512): Cache not configured properly. Please check Cache::config(); in APP/config/core.php in [/home/takuji/project/cake/cake/libs/configure.php, line 399]
2010-06-29 00:45:46 Warning: Warning (512): /persistent/ is not writable in [/home/takuji/project/cake/cake/libs/cache/file.php, line 263]
2010-06-29 00:45:46 Warning: Warning (512): /models/ is not writable in [/home/takuji/project/cake/cake/libs/cache/file.php, line 263]
2010-06-29 00:45:47 Warning: Warning (512): Cache not configured properly. Please check Cache::config(); in APP/config/core.php in [/home/takuji/project/cake/cake/libs/configure.php, line 399]
2010-06-29 00:45:47 Warning: Warning (512): /persistent/ is not writable in [/home/takuji/project/cake/cake/libs/cache/file.php, line 263]
2010-06-29 00:45:47 Warning: Warning (512): /models/ is not writable in [/home/takuji/project/cake/cake/libs/cache/file.php, line 263]
2010-06-29 00:56:36 Warning: Warning (512): Cache not configured properly. Please check Cache::config(); in APP/config/core.php in [/home/takuji/project/cake/cake/libs/configure.php, line 399]
2010-06-29 00:56:36 Warning: Warning (512): /persistent/ is not writable in [/home/takuji/project/cake/cake/libs/cache/file.php, line 267]
2010-06-29 00:56:36 Warning: Warning (512): /models/ is not writable in [/home/takuji/project/cake/cake/libs/cache/file.php, line 267]
2010-06-29 00:56:36 Warning: Warning (512): Cache not configured properly. Please check Cache::config(); in APP/config/core.php in [/home/takuji/project/cake/cake/libs/configure.php, line 399]
2010-06-29 00:56:37 Warning: Warning (512): /persistent/ is not writable in [/home/takuji/project/cake/cake/libs/cache/file.php, line 267]
2010-06-29 00:56:37 Warning: Warning (512): /models/ is not writable in [/home/takuji/project/cake/cake/libs/cache/file.php, line 267]
2010-06-29 00:56:37 Warning: Warning (512): Cache not configured properly. Please check Cache::config(); in APP/config/core.php in [/home/takuji/project/cake/cake/libs/configure.php, line 399]
2010-06-29 00:56:37 Warning: Warning (512): /persistent/ is not writable in [/home/takuji/project/cake/cake/libs/cache/file.php, line 267]
2010-06-29 00:56:37 Warning: Warning (512): /models/ is not writable in [/home/takuji/project/cake/cake/libs/cache/file.php, line 267]
2010-06-29 00:56:38 Warning: Warning (512): Cache not configured properly. Please check Cache::config(); in APP/config/core.php in [/home/takuji/project/cake/cake/libs/configure.php, line 399]
2010-06-29 00:56:38 Warning: Warning (512): /persistent/ is not writable in [/home/takuji/project/cake/cake/libs/cache/file.php, line 267]
2010-06-29 00:56:38 Warning: Warning (512): /models/ is not writable in [/home/takuji/project/cake/cake/libs/cache/file.php, line 267]
2010-06-29 00:59:09 Warning: Warning (512): Cache not configured properly. Please check Cache::config(); in APP/config/core.php in [/home/takuji/project/cake/cake/libs/configure.php, line 399]
2010-06-29 00:59:09 Warning: Warning (512): /persistent/ is not writable in [/home/takuji/project/cake/cake/libs/cache/file.php, line 267]
2010-06-29 00:59:09 Warning: Warning (512): /models/ is not writable in [/home/takuji/project/cake/cake/libs/cache/file.php, line 267]
2010-06-29 00:59:09 Warning: Warning (512): Cache not configured properly. Please check Cache::config(); in APP/config/core.php in [/home/takuji/project/cake/cake/libs/configure.php, line 399]
2010-06-29 00:59:09 Warning: Warning (512): /persistent/ is not writable in [/home/takuji/project/cake/cake/libs/cache/file.php, line 267]
2010-06-29 00:59:09 Warning: Warning (512): /models/ is not writable in [/home/takuji/project/cake/cake/libs/cache/file.php, line 267]
2010-06-29 00:59:10 Warning: Warning (512): Cache not configured properly. Please check Cache::config(); in APP/config/core.php in [/home/takuji/project/cake/cake/libs/configure.php, line 399]
2010-06-29 00:59:10 Warning: Warning (512): /persistent/ is not writable in [/home/takuji/project/cake/cake/libs/cache/file.php, line 267]
2010-06-29 00:59:10 Warning: Warning (512): /models/ is not writable in [/home/takuji/project/cake/cake/libs/cache/file.php, line 267]
2010-06-29 00:59:10 Warning: Warning (512): Cache not configured properly. Please check Cache::config(); in APP/config/core.php in [/home/takuji/project/cake/cake/libs/configure.php, line 399]
2010-06-29 00:59:10 Warning: Warning (512): /persistent/ is not writable in [/home/takuji/project/cake/cake/libs/cache/file.php, line 267]
2010-06-29 00:59:10 Warning: Warning (512): /models/ is not writable in [/home/takuji/project/cake/cake/libs/cache/file.php, line 267]
2010-06-29 00:59:50 Warning: Warning (512): Cache not configured properly. Please check Cache::config(); in APP/config/core.php in [/home/takuji/project/cake/cake/libs/configure.php, line 399]
2010-06-29 00:59:50 Warning: Warning (512): /persistent/ is not writable in [/home/takuji/project/cake/cake/libs/cache/file.php, line 267]
2010-06-29 00:59:50 Warning: Warning (512): /models/ is not writable in [/home/takuji/project/cake/cake/libs/cache/file.php, line 267]
2010-06-29 00:59:51 Warning: Warning (512): Cache not configured properly. Please check Cache::config(); in APP/config/core.php in [/home/takuji/project/cake/cake/libs/configure.php, line 399]
2010-06-29 00:59:51 Warning: Warning (512): /persistent/ is not writable in [/home/takuji/project/cake/cake/libs/cache/file.php, line 267]
2010-06-29 00:59:51 Warning: Warning (512): /models/ is not writable in [/home/takuji/project/cake/cake/libs/cache/file.php, line 267]
2010-06-29 00:59:52 Warning: Warning (512): Cache not configured properly. Please check Cache::config(); in APP/config/core.php in [/home/takuji/project/cake/cake/libs/configure.php, line 399]
2010-06-29 00:59:52 Warning: Warning (512): /persistent/ is not writable in [/home/takuji/project/cake/cake/libs/cache/file.php, line 267]
2010-06-29 00:59:52 Warning: Warning (512): /models/ is not writable in [/home/takuji/project/cake/cake/libs/cache/file.php, line 267]
2010-06-29 00:59:52 Warning: Warning (512): Cache not configured properly. Please check Cache::config(); in APP/config/core.php in [/home/takuji/project/cake/cake/libs/configure.php, line 399]
2010-06-29 00:59:52 Warning: Warning (512): /persistent/ is not writable in [/home/takuji/project/cake/cake/libs/cache/file.php, line 267]
2010-06-29 00:59:52 Warning: Warning (512): /models/ is not writable in [/home/takuji/project/cake/cake/libs/cache/file.php, line 267]
2010-06-29 00:59:53 Warning: Warning (512): Cache not configured properly. Please check Cache::config(); in APP/config/core.php in [/home/takuji/project/cake/cake/libs/configure.php, line 399]
2010-06-29 00:59:53 Warning: Warning (512): /persistent/ is not writable in [/home/takuji/project/cake/cake/libs/cache/file.php, line 267]
2010-06-29 00:59:53 Warning: Warning (512): /models/ is not writable in [/home/takuji/project/cake/cake/libs/cache/file.php, line 267]
2010-06-29 00:59:53 Warning: Warning (512): Cache not configured properly. Please check Cache::config(); in APP/config/core.php in [/home/takuji/project/cake/cake/libs/configure.php, line 399]
2010-06-29 00:59:53 Warning: Warning (512): /persistent/ is not writable in [/home/takuji/project/cake/cake/libs/cache/file.php, line 267]
2010-06-29 00:59:53 Warning: Warning (512): /models/ is not writable in [/home/takuji/project/cake/cake/libs/cache/file.php, line 267]
2010-06-29 00:59:55 Warning: Warning (512): Cache not configured properly. Please check Cache::config(); in APP/config/core.php in [/home/takuji/project/cake/cake/libs/configure.php, line 399]
2010-06-29 00:59:55 Warning: Warning (512): /persistent/ is not writable in [/home/takuji/project/cake/cake/libs/cache/file.php, line 267]
2010-06-29 00:59:55 Warning: Warning (512): /models/ is not writable in [/home/takuji/project/cake/cake/libs/cache/file.php, line 267]
2010-06-29 00:59:56 Warning: Warning (512): Cache not configured properly. Please check Cache::config(); in APP/config/core.php in [/home/takuji/project/cake/cake/libs/configure.php, line 399]
2010-06-29 00:59:56 Warning: Warning (512): /persistent/ is not writable in [/home/takuji/project/cake/cake/libs/cache/file.php, line 267]
2010-06-29 00:59:56 Warning: Warning (512): /models/ is not writable in [/home/takuji/project/cake/cake/libs/cache/file.php, line 267]
2010-06-29 01:00:29 Warning: Warning (512): Cache not configured properly. Please check Cache::config(); in APP/config/core.php in [/home/takuji/project/cake/cake/libs/configure.php, line 399]
2010-06-29 01:00:29 Warning: Warning (512): /persistent/ is not writable in [/home/takuji/project/cake/cake/libs/cache/file.php, line 267]
2010-06-29 01:00:29 Warning: Warning (512): /models/ is not writable in [/home/takuji/project/cake/cake/libs/cache/file.php, line 267]
2010-06-29 01:00:29 Warning: Warning (512): Cache not configured properly. Please check Cache::config(); in APP/config/core.php in [/home/takuji/project/cake/cake/libs/configure.php, line 399]
2010-06-29 01:00:29 Warning: Warning (512): /persistent/ is not writable in [/home/takuji/project/cake/cake/libs/cache/file.php, line 267]
2010-06-29 01:00:29 Warning: Warning (512): /models/ is not writable in [/home/takuji/project/cake/cake/libs/cache/file.php, line 267]
2010-06-29 01:00:30 Warning: Warning (512): Cache not configured properly. Please check Cache::config(); in APP/config/core.php in [/home/takuji/project/cake/cake/libs/configure.php, line 399]
2010-06-29 01:00:30 Warning: Warning (512): /persistent/ is not writable in [/home/takuji/project/cake/cake/libs/cache/file.php, line 267]
2010-06-29 01:00:30 Warning: Warning (512): /models/ is not writable in [/home/takuji/project/cake/cake/libs/cache/file.php, line 267]
2010-06-29 01:00:30 Warning: Warning (512): Cache not configured properly. Please check Cache::config(); in APP/config/core.php in [/home/takuji/project/cake/cake/libs/configure.php, line 399]
2010-06-29 01:00:30 Warning: Warning (512): /persistent/ is not writable in [/home/takuji/project/cake/cake/libs/cache/file.php, line 267]
2010-06-29 01:00:30 Warning: Warning (512): /models/ is not writable in [/home/takuji/project/cake/cake/libs/cache/file.php, line 267]
2010-06-29 01:00:33 Warning: Warning (512): Cache not configured properly. Please check Cache::config(); in APP/config/core.php in [/home/takuji/project/cake/cake/libs/configure.php, line 399]
2010-06-29 01:00:33 Warning: Warning (512): /persistent/ is not writable in [/home/takuji/project/cake/cake/libs/cache/file.php, line 267]
2010-06-29 01:00:33 Warning: Warning (512): /models/ is not writable in [/home/takuji/project/cake/cake/libs/cache/file.php, line 267]
2010-06-29 01:00:33 Warning: Warning (512): Cache not configured properly. Please check Cache::config(); in APP/config/core.php in [/home/takuji/project/cake/cake/libs/configure.php, line 399]
2010-06-29 01:00:33 Warning: Warning (512): /persistent/ is not writable in [/home/takuji/project/cake/cake/libs/cache/file.php, line 267]
2010-06-29 01:00:33 Warning: Warning (512): /models/ is not writable in [/home/takuji/project/cake/cake/libs/cache/file.php, line 267]
2010-06-29 01:00:46 Warning: Warning (512): Cache not configured properly. Please check Cache::config(); in APP/config/core.php in [/home/takuji/project/cake/cake/libs/configure.php, line 399]
2010-06-29 01:00:46 Warning: Warning (512): /persistent/ is not writable in [/home/takuji/project/cake/cake/libs/cache/file.php, line 267]
2010-06-29 01:00:46 Warning: Warning (512): /models/ is not writable in [/home/takuji/project/cake/cake/libs/cache/file.php, line 267]
2010-06-29 01:00:47 Warning: Warning (512): Cache not configured properly. Please check Cache::config(); in APP/config/core.php in [/home/takuji/project/cake/cake/libs/configure.php, line 399]
2010-06-29 01:00:47 Warning: Warning (512): /persistent/ is not writable in [/home/takuji/project/cake/cake/libs/cache/file.php, line 267]
2010-06-29 01:00:47 Warning: Warning (512): /models/ is not writable in [/home/takuji/project/cake/cake/libs/cache/file.php, line 267]
2010-06-29 01:00:48 Warning: Warning (512): Cache not configured properly. Please check Cache::config(); in APP/config/core.php in [/home/takuji/project/cake/cake/libs/configure.php, line 399]
2010-06-29 01:00:48 Warning: Warning (512): /persistent/ is not writable in [/home/takuji/project/cake/cake/libs/cache/file.php, line 267]
2010-06-29 01:00:48 Warning: Warning (512): /models/ is not writable in [/home/takuji/project/cake/cake/libs/cache/file.php, line 267]
2010-06-29 01:00:48 Warning: Warning (512): Cache not configured properly. Please check Cache::config(); in APP/config/core.php in [/home/takuji/project/cake/cake/libs/configure.php, line 399]
2010-06-29 01:00:48 Warning: Warning (512): /persistent/ is not writable in [/home/takuji/project/cake/cake/libs/cache/file.php, line 267]
2010-06-29 01:00:48 Warning: Warning (512): /models/ is not writable in [/home/takuji/project/cake/cake/libs/cache/file.php, line 267]
2010-06-29 01:00:48 Warning: Warning (512): Cache not configured properly. Please check Cache::config(); in APP/config/core.php in [/home/takuji/project/cake/cake/libs/configure.php, line 399]
2010-06-29 01:00:48 Warning: Warning (512): /persistent/ is not writable in [/home/takuji/project/cake/cake/libs/cache/file.php, line 267]
2010-06-29 01:00:48 Warning: Warning (512): /models/ is not writable in [/home/takuji/project/cake/cake/libs/cache/file.php, line 267]
2010-06-29 01:00:49 Warning: Warning (512): Cache not configured properly. Please check Cache::config(); in APP/config/core.php in [/home/takuji/project/cake/cake/libs/configure.php, line 399]
2010-06-29 01:00:49 Warning: Warning (512): /persistent/ is not writable in [/home/takuji/project/cake/cake/libs/cache/file.php, line 267]
2010-06-29 01:00:49 Warning: Warning (512): /models/ is not writable in [/home/takuji/project/cake/cake/libs/cache/file.php, line 267]
2010-06-29 01:02:39 Warning: Warning (512): Cache not configured properly. Please check Cache::config(); in APP/config/core.php in [/home/takuji/project/cake/cake/libs/configure.php, line 399]
2010-06-29 01:02:39 Warning: Warning (512): /persistent/ is not writable in [/home/takuji/project/cake/cake/libs/cache/file.php, line 267]
2010-06-29 01:02:39 Warning: Warning (512): /models/ is not writable in [/home/takuji/project/cake/cake/libs/cache/file.php, line 267]
2010-06-29 01:02:39 Warning: Warning (512): Cache not configured properly. Please check Cache::config(); in APP/config/core.php in [/home/takuji/project/cake/cake/libs/configure.php, line 399]
2010-06-29 01:02:39 Warning: Warning (512): /persistent/ is not writable in [/home/takuji/project/cake/cake/libs/cache/file.php, line 267]
2010-06-29 01:02:39 Warning: Warning (512): /models/ is not writable in [/home/takuji/project/cake/cake/libs/cache/file.php, line 267]
2010-06-29 01:02:40 Warning: Warning (512): Cache not configured properly. Please check Cache::config(); in APP/config/core.php in [/home/takuji/project/cake/cake/libs/configure.php, line 399]
2010-06-29 01:02:40 Warning: Warning (512): /persistent/ is not writable in [/home/takuji/project/cake/cake/libs/cache/file.php, line 267]
2010-06-29 01:02:40 Warning: Warning (512): /models/ is not writable in [/home/takuji/project/cake/cake/libs/cache/file.php, line 267]
2010-06-29 01:02:40 Warning: Warning (512): Cache not configured properly. Please check Cache::config(); in APP/config/core.php in [/home/takuji/project/cake/cake/libs/configure.php, line 399]
2010-06-29 01:02:40 Warning: Warning (512): /persistent/ is not writable in [/home/takuji/project/cake/cake/libs/cache/file.php, line 267]
2010-06-29 01:02:40 Warning: Warning (512): /models/ is not writable in [/home/takuji/project/cake/cake/libs/cache/file.php, line 267]
2010-06-29 01:02:40 Warning: Warning (512): Cache not configured properly. Please check Cache::config(); in APP/config/core.php in [/home/takuji/project/cake/cake/libs/configure.php, line 399]
2010-06-29 01:02:40 Warning: Warning (512): /persistent/ is not writable in [/home/takuji/project/cake/cake/libs/cache/file.php, line 267]
2010-06-29 01:02:40 Warning: Warning (512): /models/ is not writable in [/home/takuji/project/cake/cake/libs/cache/file.php, line 267]
2010-06-29 01:02:40 Warning: Warning (512): Cache not configured properly. Please check Cache::config(); in APP/config/core.php in [/home/takuji/project/cake/cake/libs/configure.php, line 399]
2010-06-29 01:02:40 Warning: Warning (512): /persistent/ is not writable in [/home/takuji/project/cake/cake/libs/cache/file.php, line 267]
2010-06-29 01:02:40 Warning: Warning (512): /models/ is not writable in [/home/takuji/project/cake/cake/libs/cache/file.php, line 267]
2010-06-29 01:02:41 Warning: Warning (512): Cache not configured properly. Please check Cache::config(); in APP/config/core.php in [/home/takuji/project/cake/cake/libs/configure.php, line 399]
2010-06-29 01:02:41 Warning: Warning (512): /persistent/ is not writable in [/home/takuji/project/cake/cake/libs/cache/file.php, line 267]
2010-06-29 01:02:41 Warning: Warning (512): /models/ is not writable in [/home/takuji/project/cake/cake/libs/cache/file.php, line 267]
2010-06-29 01:02:41 Warning: Warning (512): Cache not configured properly. Please check Cache::config(); in APP/config/core.php in [/home/takuji/project/cake/cake/libs/configure.php, line 399]
2010-06-29 01:02:41 Warning: Warning (512): /persistent/ is not writable in [/home/takuji/project/cake/cake/libs/cache/file.php, line 267]
2010-06-29 01:02:41 Warning: Warning (512): /models/ is not writable in [/home/takuji/project/cake/cake/libs/cache/file.php, line 267]
2010-06-29 01:02:41 Warning: Warning (512): Cache not configured properly. Please check Cache::config(); in APP/config/core.php in [/home/takuji/project/cake/cake/libs/configure.php, line 399]
2010-06-29 01:02:41 Warning: Warning (512): /persistent/ is not writable in [/home/takuji/project/cake/cake/libs/cache/file.php, line 267]
2010-06-29 01:02:41 Warning: Warning (512): /models/ is not writable in [/home/takuji/project/cake/cake/libs/cache/file.php, line 267]
2010-06-29 01:02:41 Warning: Warning (512): Cache not configured properly. Please check Cache::config(); in APP/config/core.php in [/home/takuji/project/cake/cake/libs/configure.php, line 399]
2010-06-29 01:02:41 Warning: Warning (512): /persistent/ is not writable in [/home/takuji/project/cake/cake/libs/cache/file.php, line 267]
2010-06-29 01:02:41 Warning: Warning (512): /models/ is not writable in [/home/takuji/project/cake/cake/libs/cache/file.php, line 267]
2010-06-29 01:04:23 Warning: Warning (512): Cache not configured properly. Please check Cache::config(); in APP/config/core.php in [/home/takuji/project/cake/cake/libs/configure.php, line 400]
2010-06-29 01:04:23 Warning: Warning (512): /persistent/ is not writable in [/home/takuji/project/cake/cake/libs/cache/file.php, line 267]
2010-06-29 01:04:23 Warning: Warning (512): /models/ is not writable in [/home/takuji/project/cake/cake/libs/cache/file.php, line 267]
2010-06-29 01:04:24 Warning: Warning (512): Cache not configured properly. Please check Cache::config(); in APP/config/core.php in [/home/takuji/project/cake/cake/libs/configure.php, line 400]
2010-06-29 01:04:24 Warning: Warning (512): /persistent/ is not writable in [/home/takuji/project/cake/cake/libs/cache/file.php, line 267]
2010-06-29 01:04:24 Warning: Warning (512): /models/ is not writable in [/home/takuji/project/cake/cake/libs/cache/file.php, line 267]
2010-06-29 01:06:58 Warning: Warning (512): Cache not configured properly. Please check Cache::config(); in APP/config/core.php in [/home/takuji/project/cake/cake/libs/configure.php, line 400]
2010-06-29 01:06:58 Warning: Warning (512): /persistent/ is not writable in [/home/takuji/project/cake/cake/libs/cache/file.php, line 267]
2010-06-29 01:06:58 Warning: Warning (512): /models/ is not writable in [/home/takuji/project/cake/cake/libs/cache/file.php, line 267]
2010-06-29 01:06:58 Warning: Warning (512): Cache not configured properly. Please check Cache::config(); in APP/config/core.php in [/home/takuji/project/cake/cake/libs/configure.php, line 400]
2010-06-29 01:06:58 Warning: Warning (512): /persistent/ is not writable in [/home/takuji/project/cake/cake/libs/cache/file.php, line 267]
2010-06-29 01:06:58 Warning: Warning (512): /models/ is not writable in [/home/takuji/project/cake/cake/libs/cache/file.php, line 267]
2010-06-29 01:06:59 Warning: Warning (512): Cache not configured properly. Please check Cache::config(); in APP/config/core.php in [/home/takuji/project/cake/cake/libs/configure.php, line 400]
2010-06-29 01:06:59 Warning: Warning (512): /persistent/ is not writable in [/home/takuji/project/cake/cake/libs/cache/file.php, line 267]
2010-06-29 01:06:59 Warning: Warning (512): /models/ is not writable in [/home/takuji/project/cake/cake/libs/cache/file.php, line 267]
2010-06-29 01:06:59 Warning: Warning (512): Cache not configured properly. Please check Cache::config(); in APP/config/core.php in [/home/takuji/project/cake/cake/libs/configure.php, line 400]
2010-06-29 01:06:59 Warning: Warning (512): /persistent/ is not writable in [/home/takuji/project/cake/cake/libs/cache/file.php, line 267]
2010-06-29 01:06:59 Warning: Warning (512): /models/ is not writable in [/home/takuji/project/cake/cake/libs/cache/file.php, line 267]
2010-06-29 01:07:00 Warning: Warning (512): Cache not configured properly. Please check Cache::config(); in APP/config/core.php in [/home/takuji/project/cake/cake/libs/configure.php, line 400]
2010-06-29 01:07:00 Warning: Warning (512): /persistent/ is not writable in [/home/takuji/project/cake/cake/libs/cache/file.php, line 267]
2010-06-29 01:07:00 Warning: Warning (512): /models/ is not writable in [/home/takuji/project/cake/cake/libs/cache/file.php, line 267]
2010-06-29 01:07:00 Warning: Warning (512): Cache not configured properly. Please check Cache::config(); in APP/config/core.php in [/home/takuji/project/cake/cake/libs/configure.php, line 400]
2010-06-29 01:07:00 Warning: Warning (512): /persistent/ is not writable in [/home/takuji/project/cake/cake/libs/cache/file.php, line 267]
2010-06-29 01:07:00 Warning: Warning (512): /models/ is not writable in [/home/takuji/project/cake/cake/libs/cache/file.php, line 267]
2010-06-29 01:07:42 Warning: Warning (512): Cache not configured properly. Please check Cache::config(); in APP/config/core.php in [/home/takuji/project/cake/cake/libs/configure.php, line 400]
2010-06-29 01:07:42 Warning: Warning (512): /persistent/ is not writable in [/home/takuji/project/cake/cake/libs/cache/file.php, line 267]
2010-06-29 01:07:42 Warning: Warning (512): /models/ is not writable in [/home/takuji/project/cake/cake/libs/cache/file.php, line 267]
2010-06-29 01:07:42 Warning: Warning (512): Cache not configured properly. Please check Cache::config(); in APP/config/core.php in [/home/takuji/project/cake/cake/libs/configure.php, line 400]
2010-06-29 01:07:42 Warning: Warning (512): /persistent/ is not writable in [/home/takuji/project/cake/cake/libs/cache/file.php, line 267]
2010-06-29 01:07:42 Warning: Warning (512): /models/ is not writable in [/home/takuji/project/cake/cake/libs/cache/file.php, line 267]
2010-06-29 01:08:51 Warning: Warning (512): Cache not configured properly. Please check Cache::config(); in APP/config/core.php in [/home/takuji/project/cake/cake/libs/configure.php, line 399]
2010-06-29 01:08:51 Warning: Warning (512): /persistent/ is not writable in [/home/takuji/project/cake/cake/libs/cache/file.php, line 267]
2010-06-29 01:08:51 Warning: Warning (512): /models/ is not writable in [/home/takuji/project/cake/cake/libs/cache/file.php, line 267]
2010-06-29 01:08:51 Warning: Warning (512): Cache not configured properly. Please check Cache::config(); in APP/config/core.php in [/home/takuji/project/cake/cake/libs/configure.php, line 399]
2010-06-29 01:08:51 Warning: Warning (512): /persistent/ is not writable in [/home/takuji/project/cake/cake/libs/cache/file.php, line 267]
2010-06-29 01:08:51 Warning: Warning (512): /models/ is not writable in [/home/takuji/project/cake/cake/libs/cache/file.php, line 267]
2010-06-29 01:10:39 Warning: Warning (512): Cache not configured properly. Please check Cache::config(); in APP/config/core.php in [/home/takuji/project/cake/cake/libs/configure.php, line 400]
2010-06-29 01:10:39 Warning: Warning (512): /persistent/ is not writable in [/home/takuji/project/cake/cake/libs/cache/file.php, line 267]
2010-06-29 01:10:39 Warning: Warning (512): /models/ is not writable in [/home/takuji/project/cake/cake/libs/cache/file.php, line 267]
2010-06-29 01:10:39 Warning: Warning (512): Cache not configured properly. Please check Cache::config(); in APP/config/core.php in [/home/takuji/project/cake/cake/libs/configure.php, line 400]
2010-06-29 01:10:39 Warning: Warning (512): /persistent/ is not writable in [/home/takuji/project/cake/cake/libs/cache/file.php, line 267]
2010-06-29 01:10:39 Warning: Warning (512): /models/ is not writable in [/home/takuji/project/cake/cake/libs/cache/file.php, line 267]
2010-06-29 01:12:36 Warning: Warning (512): Cache not configured properly. Please check Cache::config(); in APP/config/core.php in [/home/takuji/project/cake/cake/libs/configure.php, line 399]
2010-06-29 01:12:36 Warning: Warning (512): /persistent/ is not writable in [/home/takuji/project/cake/cake/libs/cache/file.php, line 267]
2010-06-29 01:12:36 Warning: Warning (512): /models/ is not writable in [/home/takuji/project/cake/cake/libs/cache/file.php, line 267]
2010-06-29 01:12:36 Warning: Warning (512): Cache not configured properly. Please check Cache::config(); in APP/config/core.php in [/home/takuji/project/cake/cake/libs/configure.php, line 399]
2010-06-29 01:12:37 Warning: Warning (512): /persistent/ is not writable in [/home/takuji/project/cake/cake/libs/cache/file.php, line 267]
2010-06-29 01:12:37 Warning: Warning (512): /models/ is not writable in [/home/takuji/project/cake/cake/libs/cache/file.php, line 267]
2010-06-29 01:13:57 Warning: Warning (512): Cache not configured properly. Please check Cache::config(); in APP/config/core.php in [/home/takuji/project/cake/cake/libs/configure.php, line 399]
2010-06-29 01:13:57 Warning: Warning (512): /persistent/ is not writable in [/home/takuji/project/cake/cake/libs/cache/file.php, line 267]
2010-06-29 01:13:57 Warning: Warning (512): /models/ is not writable in [/home/takuji/project/cake/cake/libs/cache/file.php, line 267]
2010-06-29 01:13:57 Warning: Warning (512): Cache not configured properly. Please check Cache::config(); in APP/config/core.php in [/home/takuji/project/cake/cake/libs/configure.php, line 399]
2010-06-29 01:13:57 Warning: Warning (512): /persistent/ is not writable in [/home/takuji/project/cake/cake/libs/cache/file.php, line 267]
2010-06-29 01:13:57 Warning: Warning (512): /models/ is not writable in [/home/takuji/project/cake/cake/libs/cache/file.php, line 267]
2010-06-29 01:15:06 Warning: Warning (512): Cache not configured properly. Please check Cache::config(); in APP/config/core.php in [/home/takuji/project/cake/cake/libs/configure.php, line 399]
2010-06-29 01:15:06 Warning: Warning (512): /persistent/ is not writable in [/home/takuji/project/cake/cake/libs/cache/file.php, line 267]
2010-06-29 01:15:06 Warning: Warning (512): /models/ is not writable in [/home/takuji/project/cake/cake/libs/cache/file.php, line 267]
2010-06-29 01:15:08 Warning: Warning (512): Cache not configured properly. Please check Cache::config(); in APP/config/core.php in [/home/takuji/project/cake/cake/libs/configure.php, line 399]
2010-06-29 01:15:08 Warning: Warning (512): /persistent/ is not writable in [/home/takuji/project/cake/cake/libs/cache/file.php, line 267]
2010-06-29 01:15:08 Warning: Warning (512): /models/ is not writable in [/home/takuji/project/cake/cake/libs/cache/file.php, line 267]
2010-06-29 01:15:18 Warning: Warning (512): Cache not configured properly. Please check Cache::config(); in APP/config/core.php in [/home/takuji/project/cake/cake/libs/configure.php, line 399]
2010-06-29 01:15:18 Warning: Warning (512): /persistent/ is not writable in [/home/takuji/project/cake/cake/libs/cache/file.php, line 267]
2010-06-29 01:15:18 Warning: Warning (512): /models/ is not writable in [/home/takuji/project/cake/cake/libs/cache/file.php, line 267]
2010-06-29 01:15:18 Warning: Warning (512): Cache not configured properly. Please check Cache::config(); in APP/config/core.php in [/home/takuji/project/cake/cake/libs/configure.php, line 399]
2010-06-29 01:15:18 Warning: Warning (512): /persistent/ is not writable in [/home/takuji/project/cake/cake/libs/cache/file.php, line 267]
2010-06-29 01:15:18 Warning: Warning (512): /models/ is not writable in [/home/takuji/project/cake/cake/libs/cache/file.php, line 267]
2010-06-29 01:15:21 Warning: Warning (512): Cache not configured properly. Please check Cache::config(); in APP/config/core.php in [/home/takuji/project/cake/cake/libs/configure.php, line 399]
2010-06-29 01:15:21 Warning: Warning (512): /persistent/ is not writable in [/home/takuji/project/cake/cake/libs/cache/file.php, line 267]
2010-06-29 01:15:21 Warning: Warning (512): /models/ is not writable in [/home/takuji/project/cake/cake/libs/cache/file.php, line 267]
2010-06-29 01:15:21 Warning: Warning (512): Cache not configured properly. Please check Cache::config(); in APP/config/core.php in [/home/takuji/project/cake/cake/libs/configure.php, line 399]
2010-06-29 01:15:21 Warning: Warning (512): /persistent/ is not writable in [/home/takuji/project/cake/cake/libs/cache/file.php, line 267]
2010-06-29 01:15:21 Warning: Warning (512): /models/ is not writable in [/home/takuji/project/cake/cake/libs/cache/file.php, line 267]
2010-06-29 01:18:17 Warning: Warning (512): Cache not configured properly. Please check Cache::config(); in APP/config/core.php in [/home/takuji/project/cake/cake/libs/configure.php, line 399]
2010-06-29 01:18:17 Warning: Warning (512): /persistent/ is not writable in [/home/takuji/project/cake/cake/libs/cache/file.php, line 267]
2010-06-29 01:18:17 Warning: Warning (512): /models/ is not writable in [/home/takuji/project/cake/cake/libs/cache/file.php, line 267]
2010-06-29 01:18:17 Warning: Warning (512): Cache not configured properly. Please check Cache::config(); in APP/config/core.php in [/home/takuji/project/cake/cake/libs/configure.php, line 399]
2010-06-29 01:18:17 Warning: Warning (512): /persistent/ is not writable in [/home/takuji/project/cake/cake/libs/cache/file.php, line 267]
2010-06-29 01:18:17 Warning: Warning (512): /models/ is not writable in [/home/takuji/project/cake/cake/libs/cache/file.php, line 267]
2010-06-29 01:18:18 Warning: Warning (512): Cache not configured properly. Please check Cache::config(); in APP/config/core.php in [/home/takuji/project/cake/cake/libs/configure.php, line 399]
2010-06-29 01:18:18 Warning: Warning (512): /persistent/ is not writable in [/home/takuji/project/cake/cake/libs/cache/file.php, line 267]
2010-06-29 01:18:18 Warning: Warning (512): /models/ is not writable in [/home/takuji/project/cake/cake/libs/cache/file.php, line 267]
2010-06-29 01:18:18 Warning: Warning (512): Cache not configured properly. Please check Cache::config(); in APP/config/core.php in [/home/takuji/project/cake/cake/libs/configure.php, line 399]
2010-06-29 01:18:18 Warning: Warning (512): /persistent/ is not writable in [/home/takuji/project/cake/cake/libs/cache/file.php, line 267]
2010-06-29 01:18:18 Warning: Warning (512): /models/ is not writable in [/home/takuji/project/cake/cake/libs/cache/file.php, line 267]
2010-06-29 01:19:18 Warning: Warning (512): Cache not configured properly. Please check Cache::config(); in APP/config/core.php in [/home/takuji/project/cake/cake/libs/configure.php, line 399]
2010-06-29 01:19:18 Warning: Warning (512): /persistent/ is not writable in [/home/takuji/project/cake/cake/libs/cache/file.php, line 267]
2010-06-29 01:19:18 Warning: Warning (512): /models/ is not writable in [/home/takuji/project/cake/cake/libs/cache/file.php, line 267]
2010-06-29 01:19:19 Warning: Warning (512): Cache not configured properly. Please check Cache::config(); in APP/config/core.php in [/home/takuji/project/cake/cake/libs/configure.php, line 399]
2010-06-29 01:19:19 Warning: Warning (512): /persistent/ is not writable in [/home/takuji/project/cake/cake/libs/cache/file.php, line 267]
2010-06-29 01:19:19 Warning: Warning (512): /models/ is not writable in [/home/takuji/project/cake/cake/libs/cache/file.php, line 267]
2010-06-29 01:21:01 Warning: Warning (512): Cache not configured properly. Please check Cache::config(); in APP/config/core.php in [/home/takuji/project/cake/cake/libs/configure.php, line 399]
2010-06-29 01:21:01 Warning: Warning (512): /persistent/ is not writable in [/home/takuji/project/cake/cake/libs/cache/file.php, line 267]
2010-06-29 01:21:01 Warning: Warning (512): /models/ is not writable in [/home/takuji/project/cake/cake/libs/cache/file.php, line 267]
2010-06-29 01:21:02 Warning: Warning (512): Cache not configured properly. Please check Cache::config(); in APP/config/core.php in [/home/takuji/project/cake/cake/libs/configure.php, line 399]
2010-06-29 01:21:02 Warning: Warning (512): /persistent/ is not writable in [/home/takuji/project/cake/cake/libs/cache/file.php, line 267]
2010-06-29 01:21:02 Warning: Warning (512): /models/ is not writable in [/home/takuji/project/cake/cake/libs/cache/file.php, line 267]
2010-06-29 01:21:17 Warning: Warning (512): Cache not configured properly. Please check Cache::config(); in APP/config/core.php in [/home/takuji/project/cake/cake/libs/configure.php, line 399]
2010-06-29 01:21:17 Warning: Warning (512): /persistent/ is not writable in [/home/takuji/project/cake/cake/libs/cache/file.php, line 267]
2010-06-29 01:21:17 Warning: Warning (512): /models/ is not writable in [/home/takuji/project/cake/cake/libs/cache/file.php, line 267]
2010-06-29 01:21:17 Warning: Warning (512): Cache not configured properly. Please check Cache::config(); in APP/config/core.php in [/home/takuji/project/cake/cake/libs/configure.php, line 399]
2010-06-29 01:21:17 Warning: Warning (512): /persistent/ is not writable in [/home/takuji/project/cake/cake/libs/cache/file.php, line 267]
2010-06-29 01:21:17 Warning: Warning (512): /models/ is not writable in [/home/takuji/project/cake/cake/libs/cache/file.php, line 267]
2010-06-29 01:21:46 Warning: Warning (512): Cache not configured properly. Please check Cache::config(); in APP/config/core.php in [/home/takuji/project/cake/cake/libs/configure.php, line 399]
2010-06-29 01:21:46 Warning: Warning (512): /persistent/ is not writable in [/home/takuji/project/cake/cake/libs/cache/file.php, line 267]
2010-06-29 01:21:46 Warning: Warning (512): /models/ is not writable in [/home/takuji/project/cake/cake/libs/cache/file.php, line 267]
2010-06-29 01:21:46 Warning: Warning (512): Cache not configured properly. Please check Cache::config(); in APP/config/core.php in [/home/takuji/project/cake/cake/libs/configure.php, line 399]
2010-06-29 01:21:46 Warning: Warning (512): /persistent/ is not writable in [/home/takuji/project/cake/cake/libs/cache/file.php, line 267]
2010-06-29 01:21:46 Warning: Warning (512): /models/ is not writable in [/home/takuji/project/cake/cake/libs/cache/file.php, line 267]
2010-06-29 01:21:56 Warning: Warning (512): Cache not configured properly. Please check Cache::config(); in APP/config/core.php in [/home/takuji/project/cake/cake/libs/configure.php, line 399]
2010-06-29 01:21:56 Warning: Warning (512): /persistent/ is not writable in [/home/takuji/project/cake/cake/libs/cache/file.php, line 267]
2010-06-29 01:21:56 Warning: Warning (512): /models/ is not writable in [/home/takuji/project/cake/cake/libs/cache/file.php, line 267]
2010-06-29 01:21:56 Warning: Warning (512): Cache not configured properly. Please check Cache::config(); in APP/config/core.php in [/home/takuji/project/cake/cake/libs/configure.php, line 399]
2010-06-29 01:21:56 Warning: Warning (512): /persistent/ is not writable in [/home/takuji/project/cake/cake/libs/cache/file.php, line 267]
2010-06-29 01:21:56 Warning: Warning (512): /models/ is not writable in [/home/takuji/project/cake/cake/libs/cache/file.php, line 267]
2010-06-29 01:22:16 Warning: Warning (512): Cache not configured properly. Please check Cache::config(); in APP/config/core.php in [/home/takuji/project/cake/cake/libs/configure.php, line 399]
2010-06-29 01:22:16 Warning: Warning (512): /persistent/ is not writable in [/home/takuji/project/cake/cake/libs/cache/file.php, line 267]
2010-06-29 01:22:16 Warning: Warning (512): /models/ is not writable in [/home/takuji/project/cake/cake/libs/cache/file.php, line 267]
2010-06-29 01:22:16 Warning: Warning (512): Cache not configured properly. Please check Cache::config(); in APP/config/core.php in [/home/takuji/project/cake/cake/libs/configure.php, line 399]
2010-06-29 01:22:16 Warning: Warning (512): /persistent/ is not writable in [/home/takuji/project/cake/cake/libs/cache/file.php, line 267]
2010-06-29 01:22:16 Warning: Warning (512): /models/ is not writable in [/home/takuji/project/cake/cake/libs/cache/file.php, line 267]
2010-06-29 01:23:31 Warning: Warning (512): Cache not configured properly. Please check Cache::config(); in APP/config/core.php in [/home/takuji/project/cake/cake/libs/configure.php, line 399]
2010-06-29 01:23:31 Warning: Warning (512): /persistent/ is not writable in [/home/takuji/project/cake/cake/libs/cache/file.php, line 267]
2010-06-29 01:23:31 Warning: Warning (512): /models/ is not writable in [/home/takuji/project/cake/cake/libs/cache/file.php, line 267]
2010-06-29 01:23:31 Warning: Warning (512): Cache not configured properly. Please check Cache::config(); in APP/config/core.php in [/home/takuji/project/cake/cake/libs/configure.php, line 399]
2010-06-29 01:23:31 Warning: Warning (512): /persistent/ is not writable in [/home/takuji/project/cake/cake/libs/cache/file.php, line 267]
2010-06-29 01:23:31 Warning: Warning (512): /models/ is not writable in [/home/takuji/project/cake/cake/libs/cache/file.php, line 267]
2010-06-29 01:23:32 Warning: Warning (512): Cache not configured properly. Please check Cache::config(); in APP/config/core.php in [/home/takuji/project/cake/cake/libs/configure.php, line 399]
2010-06-29 01:23:32 Warning: Warning (512): /persistent/ is not writable in [/home/takuji/project/cake/cake/libs/cache/file.php, line 267]
2010-06-29 01:23:32 Warning: Warning (512): /models/ is not writable in [/home/takuji/project/cake/cake/libs/cache/file.php, line 267]
2010-06-29 01:23:32 Warning: Warning (512): Cache not configured properly. Please check Cache::config(); in APP/config/core.php in [/home/takuji/project/cake/cake/libs/configure.php, line 399]
2010-06-29 01:23:32 Warning: Warning (512): /persistent/ is not writable in [/home/takuji/project/cake/cake/libs/cache/file.php, line 267]
2010-06-29 01:23:32 Warning: Warning (512): /models/ is not writable in [/home/takuji/project/cake/cake/libs/cache/file.php, line 267]
2010-06-29 01:26:48 Warning: Warning (512): Cache not configured properly. Please check Cache::config(); in APP/config/core.php in [/home/takuji/project/cake/cake/libs/configure.php, line 399]
2010-06-29 01:26:48 Warning: Warning (512): /persistent/ is not writable in [/home/takuji/project/cake/cake/libs/cache/file.php, line 267]
2010-06-29 01:26:48 Warning: Warning (512): /models/ is not writable in [/home/takuji/project/cake/cake/libs/cache/file.php, line 267]
2010-06-29 01:26:48 Warning: Warning (512): Cache not configured properly. Please check Cache::config(); in APP/config/core.php in [/home/takuji/project/cake/cake/libs/configure.php, line 399]
2010-06-29 01:26:48 Warning: Warning (512): /persistent/ is not writable in [/home/takuji/project/cake/cake/libs/cache/file.php, line 267]
2010-06-29 01:26:48 Warning: Warning (512): /models/ is not writable in [/home/takuji/project/cake/cake/libs/cache/file.php, line 267]
2010-06-29 01:27:57 Warning: Warning (512): Cache not configured properly. Please check Cache::config(); in APP/config/core.php in [/home/takuji/project/cake/cake/libs/configure.php, line 399]
2010-06-29 01:27:57 Warning: Warning (512): /persistent/ is not writable in [/home/takuji/project/cake/cake/libs/cache/file.php, line 267]
2010-06-29 01:27:57 Warning: Warning (512): /models/ is not writable in [/home/takuji/project/cake/cake/libs/cache/file.php, line 267]
2010-06-29 01:28:04 Warning: Warning (512): Cache not configured properly. Please check Cache::config(); in APP/config/core.php in [/home/takuji/project/cake/cake/libs/configure.php, line 399]
2010-06-29 01:28:04 Warning: Warning (512): /persistent/ is not writable in [/home/takuji/project/cake/cake/libs/cache/file.php, line 267]
2010-06-29 01:28:04 Warning: Warning (512): /models/ is not writable in [/home/takuji/project/cake/cake/libs/cache/file.php, line 267]
2010-06-29 01:28:05 Warning: Warning (512): Cache not configured properly. Please check Cache::config(); in APP/config/core.php in [/home/takuji/project/cake/cake/libs/configure.php, line 399]
2010-06-29 01:28:05 Warning: Warning (512): /persistent/ is not writable in [/home/takuji/project/cake/cake/libs/cache/file.php, line 267]
2010-06-29 01:28:05 Warning: Warning (512): /models/ is not writable in [/home/takuji/project/cake/cake/libs/cache/file.php, line 267]
2010-06-29 01:28:08 Warning: Warning (512): Cache not configured properly. Please check Cache::config(); in APP/config/core.php in [/home/takuji/project/cake/cake/libs/configure.php, line 399]
2010-06-29 01:28:08 Warning: Warning (512): /persistent/ is not writable in [/home/takuji/project/cake/cake/libs/cache/file.php, line 267]
2010-06-29 01:28:08 Warning: Warning (512): /models/ is not writable in [/home/takuji/project/cake/cake/libs/cache/file.php, line 267]
2010-06-29 01:28:08 Warning: Warning (512): Cache not configured properly. Please check Cache::config(); in APP/config/core.php in [/home/takuji/project/cake/cake/libs/configure.php, line 399]
2010-06-29 01:28:08 Warning: Warning (512): /persistent/ is not writable in [/home/takuji/project/cake/cake/libs/cache/file.php, line 267]
2010-06-29 01:28:08 Warning: Warning (512): /models/ is not writable in [/home/takuji/project/cake/cake/libs/cache/file.php, line 267]
2010-06-29 01:28:53 Warning: Warning (512): Cache not configured properly. Please check Cache::config(); in APP/config/core.php in [/home/takuji/project/cake/cake/libs/configure.php, line 399]
2010-06-29 01:28:53 Warning: Warning (512): /persistent/ is not writable in [/home/takuji/project/cake/cake/libs/cache/file.php, line 267]
2010-06-29 01:28:53 Warning: Warning (512): /models/ is not writable in [/home/takuji/project/cake/cake/libs/cache/file.php, line 267]
2010-06-29 01:28:55 Warning: Warning (512): Cache not configured properly. Please check Cache::config(); in APP/config/core.php in [/home/takuji/project/cake/cake/libs/configure.php, line 399]
2010-06-29 01:28:55 Warning: Warning (512): /persistent/ is not writable in [/home/takuji/project/cake/cake/libs/cache/file.php, line 267]
2010-06-29 01:28:55 Warning: Warning (512): /models/ is not writable in [/home/takuji/project/cake/cake/libs/cache/file.php, line 267]
2010-06-29 01:28:55 Warning: Warning (512): Cache not configured properly. Please check Cache::config(); in APP/config/core.php in [/home/takuji/project/cake/cake/libs/configure.php, line 399]
2010-06-29 01:28:55 Warning: Warning (512): /persistent/ is not writable in [/home/takuji/project/cake/cake/libs/cache/file.php, line 267]
2010-06-29 01:28:55 Warning: Warning (512): /models/ is not writable in [/home/takuji/project/cake/cake/libs/cache/file.php, line 267]
2010-06-29 01:28:56 Warning: Warning (512): Cache not configured properly. Please check Cache::config(); in APP/config/core.php in [/home/takuji/project/cake/cake/libs/configure.php, line 399]
2010-06-29 01:28:56 Warning: Warning (512): /persistent/ is not writable in [/home/takuji/project/cake/cake/libs/cache/file.php, line 267]
2010-06-29 01:28:56 Warning: Warning (512): /models/ is not writable in [/home/takuji/project/cake/cake/libs/cache/file.php, line 267]
2010-06-29 01:28:56 Warning: Warning (512): Cache not configured properly. Please check Cache::config(); in APP/config/core.php in [/home/takuji/project/cake/cake/libs/configure.php, line 399]
2010-06-29 01:28:56 Warning: Warning (512): /persistent/ is not writable in [/home/takuji/project/cake/cake/libs/cache/file.php, line 267]
2010-06-29 01:28:56 Warning: Warning (512): /models/ is not writable in [/home/takuji/project/cake/cake/libs/cache/file.php, line 267]
2010-06-29 01:29:20 Warning: Warning (512): Cache not configured properly. Please check Cache::config(); in APP/config/core.php in [/home/takuji/project/cake/cake/libs/configure.php, line 399]
2010-06-29 01:29:20 Warning: Warning (512): /persistent/ is not writable in [/home/takuji/project/cake/cake/libs/cache/file.php, line 267]
2010-06-29 01:29:20 Warning: Warning (512): /models/ is not writable in [/home/takuji/project/cake/cake/libs/cache/file.php, line 267]
2010-06-29 01:29:20 Warning: Warning (512): Cache not configured properly. Please check Cache::config(); in APP/config/core.php in [/home/takuji/project/cake/cake/libs/configure.php, line 399]
2010-06-29 01:29:20 Warning: Warning (512): /persistent/ is not writable in [/home/takuji/project/cake/cake/libs/cache/file.php, line 267]
2010-06-29 01:29:20 Warning: Warning (512): /models/ is not writable in [/home/takuji/project/cake/cake/libs/cache/file.php, line 267]
2010-06-29 01:30:15 Warning: Warning (512): Cache not configured properly. Please check Cache::config(); in APP/config/core.php in [/home/takuji/project/cake/cake/libs/configure.php, line 399]
2010-06-29 01:30:15 Warning: Warning (512): /persistent/ is not writable in [/home/takuji/project/cake/cake/libs/cache/file.php, line 267]
2010-06-29 01:30:15 Warning: Warning (512): /models/ is not writable in [/home/takuji/project/cake/cake/libs/cache/file.php, line 267]
2010-06-29 01:30:16 Warning: Warning (512): Cache not configured properly. Please check Cache::config(); in APP/config/core.php in [/home/takuji/project/cake/cake/libs/configure.php, line 399]
2010-06-29 01:30:16 Warning: Warning (512): /persistent/ is not writable in [/home/takuji/project/cake/cake/libs/cache/file.php, line 267]
2010-06-29 01:30:16 Warning: Warning (512): /models/ is not writable in [/home/takuji/project/cake/cake/libs/cache/file.php, line 267]
2010-06-29 01:30:18 Warning: Warning (512): Cache not configured properly. Please check Cache::config(); in APP/config/core.php in [/home/takuji/project/cake/cake/libs/configure.php, line 399]
2010-06-29 01:30:18 Warning: Warning (512): /persistent/ is not writable in [/home/takuji/project/cake/cake/libs/cache/file.php, line 267]
2010-06-29 01:30:18 Warning: Warning (512): /models/ is not writable in [/home/takuji/project/cake/cake/libs/cache/file.php, line 267]
2010-06-29 01:30:19 Warning: Warning (512): Cache not configured properly. Please check Cache::config(); in APP/config/core.php in [/home/takuji/project/cake/cake/libs/configure.php, line 399]
2010-06-29 01:30:19 Warning: Warning (512): /persistent/ is not writable in [/home/takuji/project/cake/cake/libs/cache/file.php, line 267]
2010-06-29 01:30:19 Warning: Warning (512): /models/ is not writable in [/home/takuji/project/cake/cake/libs/cache/file.php, line 267]
2010-06-29 01:30:20 Warning: Warning (512): Cache not configured properly. Please check Cache::config(); in APP/config/core.php in [/home/takuji/project/cake/cake/libs/configure.php, line 399]
2010-06-29 01:30:20 Warning: Warning (512): /persistent/ is not writable in [/home/takuji/project/cake/cake/libs/cache/file.php, line 267]
2010-06-29 01:30:20 Warning: Warning (512): /models/ is not writable in [/home/takuji/project/cake/cake/libs/cache/file.php, line 267]
2010-06-29 01:30:20 Warning: Warning (512): Cache not configured properly. Please check Cache::config(); in APP/config/core.php in [/home/takuji/project/cake/cake/libs/configure.php, line 399]
2010-06-29 01:30:20 Warning: Warning (512): /persistent/ is not writable in [/home/takuji/project/cake/cake/libs/cache/file.php, line 267]
2010-06-29 01:30:20 Warning: Warning (512): /models/ is not writable in [/home/takuji/project/cake/cake/libs/cache/file.php, line 267]
2010-06-29 01:30:25 Warning: Warning (512): Cache not configured properly. Please check Cache::config(); in APP/config/core.php in [/home/takuji/project/cake/cake/libs/configure.php, line 399]
2010-06-29 01:30:25 Warning: Warning (512): /persistent/ is not writable in [/home/takuji/project/cake/cake/libs/cache/file.php, line 267]
2010-06-29 01:30:25 Warning: Warning (512): /models/ is not writable in [/home/takuji/project/cake/cake/libs/cache/file.php, line 267]
2010-06-29 01:30:25 Warning: Warning (512): Cache not configured properly. Please check Cache::config(); in APP/config/core.php in [/home/takuji/project/cake/cake/libs/configure.php, line 399]
2010-06-29 01:30:25 Warning: Warning (512): /persistent/ is not writable in [/home/takuji/project/cake/cake/libs/cache/file.php, line 267]
2010-06-29 01:30:25 Warning: Warning (512): /models/ is not writable in [/home/takuji/project/cake/cake/libs/cache/file.php, line 267]
2010-06-29 01:30:27 Warning: Warning (512): Cache not configured properly. Please check Cache::config(); in APP/config/core.php in [/home/takuji/project/cake/cake/libs/configure.php, line 399]
2010-06-29 01:30:27 Warning: Warning (512): /persistent/ is not writable in [/home/takuji/project/cake/cake/libs/cache/file.php, line 267]
2010-06-29 01:30:27 Warning: Warning (512): /models/ is not writable in [/home/takuji/project/cake/cake/libs/cache/file.php, line 267]
2010-06-29 01:38:29 Warning: Warning (512): Cache not configured properly. Please check Cache::config(); in APP/config/core.php in [/home/takuji/project/cake/cake/libs/configure.php, line 400]
2010-06-29 01:38:29 Warning: Warning (512): /persistent/ is not writable in [/home/takuji/project/cake/cake/libs/cache/file.php, line 267]
2010-06-29 01:38:29 Warning: Warning (512): /models/ is not writable in [/home/takuji/project/cake/cake/libs/cache/file.php, line 267]
2010-06-29 01:38:29 Warning: Warning (512): Cache not configured properly. Please check Cache::config(); in APP/config/core.php in [/home/takuji/project/cake/cake/libs/configure.php, line 400]
2010-06-29 01:38:29 Warning: Warning (512): /persistent/ is not writable in [/home/takuji/project/cake/cake/libs/cache/file.php, line 267]
2010-06-29 01:38:29 Warning: Warning (512): /models/ is not writable in [/home/takuji/project/cake/cake/libs/cache/file.php, line 267]
2010-06-29 01:38:31 Warning: Warning (512): Cache not configured properly. Please check Cache::config(); in APP/config/core.php in [/home/takuji/project/cake/cake/libs/configure.php, line 400]
2010-06-29 01:38:31 Warning: Warning (512): /persistent/ is not writable in [/home/takuji/project/cake/cake/libs/cache/file.php, line 267]
2010-06-29 01:38:31 Warning: Warning (512): /models/ is not writable in [/home/takuji/project/cake/cake/libs/cache/file.php, line 267]
2010-06-29 01:38:31 Warning: Warning (512): Cache not configured properly. Please check Cache::config(); in APP/config/core.php in [/home/takuji/project/cake/cake/libs/configure.php, line 400]
2010-06-29 01:38:31 Warning: Warning (512): /persistent/ is not writable in [/home/takuji/project/cake/cake/libs/cache/file.php, line 267]
2010-06-29 01:38:31 Warning: Warning (512): /models/ is not writable in [/home/takuji/project/cake/cake/libs/cache/file.php, line 267]
2010-06-29 01:38:32 Warning: Warning (512): Cache not configured properly. Please check Cache::config(); in APP/config/core.php in [/home/takuji/project/cake/cake/libs/configure.php, line 400]
2010-06-29 01:38:32 Warning: Warning (512): /persistent/ is not writable in [/home/takuji/project/cake/cake/libs/cache/file.php, line 267]
2010-06-29 01:38:32 Warning: Warning (512): /models/ is not writable in [/home/takuji/project/cake/cake/libs/cache/file.php, line 267]
2010-06-29 01:38:32 Warning: Warning (512): Cache not configured properly. Please check Cache::config(); in APP/config/core.php in [/home/takuji/project/cake/cake/libs/configure.php, line 400]
2010-06-29 01:38:32 Warning: Warning (512): /persistent/ is not writable in [/home/takuji/project/cake/cake/libs/cache/file.php, line 267]
2010-06-29 01:38:32 Warning: Warning (512): /models/ is not writable in [/home/takuji/project/cake/cake/libs/cache/file.php, line 267]
2010-06-29 01:39:03 Warning: Warning (512): Cache not configured properly. Please check Cache::config(); in APP/config/core.php in [/home/takuji/project/cake/cake/libs/configure.php, line 400]
2010-06-29 01:39:03 Warning: Warning (512): /persistent/ is not writable in [/home/takuji/project/cake/cake/libs/cache/file.php, line 267]
2010-06-29 01:39:03 Warning: Warning (512): /models/ is not writable in [/home/takuji/project/cake/cake/libs/cache/file.php, line 267]
2010-06-29 01:39:03 Warning: Warning (512): Cache not configured properly. Please check Cache::config(); in APP/config/core.php in [/home/takuji/project/cake/cake/libs/configure.php, line 400]
2010-06-29 01:39:03 Warning: Warning (512): /persistent/ is not writable in [/home/takuji/project/cake/cake/libs/cache/file.php, line 267]
2010-06-29 01:39:03 Warning: Warning (512): /models/ is not writable in [/home/takuji/project/cake/cake/libs/cache/file.php, line 267]
2010-06-29 01:40:53 Warning: Warning (512): Cache not configured properly. Please check Cache::config(); in APP/config/core.php in [/home/takuji/project/cake/cake/libs/configure.php, line 399]
2010-06-29 01:40:53 Warning: Warning (512): /persistent/ is not writable in [/home/takuji/project/cake/cake/libs/cache/file.php, line 267]
2010-06-29 01:40:53 Warning: Warning (512): /models/ is not writable in [/home/takuji/project/cake/cake/libs/cache/file.php, line 267]
2010-06-29 01:40:53 Warning: Warning (512): Cache not configured properly. Please check Cache::config(); in APP/config/core.php in [/home/takuji/project/cake/cake/libs/configure.php, line 399]
2010-06-29 01:40:53 Warning: Warning (512): /persistent/ is not writable in [/home/takuji/project/cake/cake/libs/cache/file.php, line 267]
2010-06-29 01:40:53 Warning: Warning (512): /models/ is not writable in [/home/takuji/project/cake/cake/libs/cache/file.php, line 267]
2010-06-29 01:40:54 Warning: Warning (512): Cache not configured properly. Please check Cache::config(); in APP/config/core.php in [/home/takuji/project/cake/cake/libs/configure.php, line 399]
2010-06-29 01:40:54 Warning: Warning (512): /persistent/ is not writable in [/home/takuji/project/cake/cake/libs/cache/file.php, line 267]
2010-06-29 01:40:54 Warning: Warning (512): /models/ is not writable in [/home/takuji/project/cake/cake/libs/cache/file.php, line 267]
2010-06-29 01:40:54 Warning: Warning (512): Cache not configured properly. Please check Cache::config(); in APP/config/core.php in [/home/takuji/project/cake/cake/libs/configure.php, line 399]
2010-06-29 01:40:54 Warning: Warning (512): /persistent/ is not writable in [/home/takuji/project/cake/cake/libs/cache/file.php, line 267]
2010-06-29 01:40:54 Warning: Warning (512): /models/ is not writable in [/home/takuji/project/cake/cake/libs/cache/file.php, line 267]
2010-06-29 01:40:55 Warning: Warning (512): Cache not configured properly. Please check Cache::config(); in APP/config/core.php in [/home/takuji/project/cake/cake/libs/configure.php, line 399]
2010-06-29 01:40:55 Warning: Warning (512): /persistent/ is not writable in [/home/takuji/project/cake/cake/libs/cache/file.php, line 267]
2010-06-29 01:40:55 Warning: Warning (512): /models/ is not writable in [/home/takuji/project/cake/cake/libs/cache/file.php, line 267]
2010-06-29 01:40:55 Warning: Warning (512): Cache not configured properly. Please check Cache::config(); in APP/config/core.php in [/home/takuji/project/cake/cake/libs/configure.php, line 399]
2010-06-29 01:40:55 Warning: Warning (512): /persistent/ is not writable in [/home/takuji/project/cake/cake/libs/cache/file.php, line 267]
2010-06-29 01:40:55 Warning: Warning (512): /models/ is not writable in [/home/takuji/project/cake/cake/libs/cache/file.php, line 267]
2010-06-29 01:42:48 Warning: Warning (512): Cache not configured properly. Please check Cache::config(); in APP/config/core.php in [/home/takuji/project/cake/cake/libs/configure.php, line 399]
2010-06-29 01:42:48 Warning: Warning (512): /persistent/ is not writable in [/home/takuji/project/cake/cake/libs/cache/file.php, line 267]
2010-06-29 01:42:48 Warning: Warning (512): /models/ is not writable in [/home/takuji/project/cake/cake/libs/cache/file.php, line 267]
2010-06-29 01:42:48 Warning: Warning (512): Cache not configured properly. Please check Cache::config(); in APP/config/core.php in [/home/takuji/project/cake/cake/libs/configure.php, line 399]
2010-06-29 01:42:48 Warning: Warning (512): /persistent/ is not writable in [/home/takuji/project/cake/cake/libs/cache/file.php, line 267]
2010-06-29 01:42:48 Warning: Warning (512): /models/ is not writable in [/home/takuji/project/cake/cake/libs/cache/file.php, line 267]
2010-06-29 01:43:36 Warning: Warning (512): Cache not configured properly. Please check Cache::config(); in APP/config/core.php in [/home/takuji/project/cake/cake/libs/configure.php, line 399]
2010-06-29 01:43:36 Warning: Warning (512): /persistent/ is not writable in [/home/takuji/project/cake/cake/libs/cache/file.php, line 267]
2010-06-29 01:43:36 Warning: Warning (512): /models/ is not writable in [/home/takuji/project/cake/cake/libs/cache/file.php, line 267]
2010-06-29 01:43:36 Warning: Warning (512): Cache not configured properly. Please check Cache::config(); in APP/config/core.php in [/home/takuji/project/cake/cake/libs/configure.php, line 399]
2010-06-29 01:43:36 Warning: Warning (512): /persistent/ is not writable in [/home/takuji/project/cake/cake/libs/cache/file.php, line 267]
2010-06-29 01:43:36 Warning: Warning (512): /models/ is not writable in [/home/takuji/project/cake/cake/libs/cache/file.php, line 267]
2010-06-29 01:45:01 Warning: Warning (512): Cache not configured properly. Please check Cache::config(); in APP/config/core.php in [/home/takuji/project/cake/cake/libs/configure.php, line 399]
2010-06-29 01:45:01 Warning: Warning (512): /persistent/ is not writable in [/home/takuji/project/cake/cake/libs/cache/file.php, line 267]
2010-06-29 01:45:01 Warning: Warning (512): /models/ is not writable in [/home/takuji/project/cake/cake/libs/cache/file.php, line 267]
2010-06-29 01:45:01 Warning: Warning (512): Cache not configured properly. Please check Cache::config(); in APP/config/core.php in [/home/takuji/project/cake/cake/libs/configure.php, line 399]
2010-06-29 01:45:01 Warning: Warning (512): /persistent/ is not writable in [/home/takuji/project/cake/cake/libs/cache/file.php, line 267]
2010-06-29 01:45:01 Warning: Warning (512): /models/ is not writable in [/home/takuji/project/cake/cake/libs/cache/file.php, line 267]
2010-06-29 01:45:02 Warning: Warning (512): Cache not configured properly. Please check Cache::config(); in APP/config/core.php in [/home/takuji/project/cake/cake/libs/configure.php, line 399]
2010-06-29 01:45:02 Warning: Warning (512): /persistent/ is not writable in [/home/takuji/project/cake/cake/libs/cache/file.php, line 267]
2010-06-29 01:45:02 Warning: Warning (512): /models/ is not writable in [/home/takuji/project/cake/cake/libs/cache/file.php, line 267]
2010-06-29 01:45:02 Warning: Warning (512): Cache not configured properly. Please check Cache::config(); in APP/config/core.php in [/home/takuji/project/cake/cake/libs/configure.php, line 399]
2010-06-29 01:45:02 Warning: Warning (512): /persistent/ is not writable in [/home/takuji/project/cake/cake/libs/cache/file.php, line 267]
2010-06-29 01:45:02 Warning: Warning (512): /models/ is not writable in [/home/takuji/project/cake/cake/libs/cache/file.php, line 267]
2010-06-29 01:45:03 Warning: Warning (512): Cache not configured properly. Please check Cache::config(); in APP/config/core.php in [/home/takuji/project/cake/cake/libs/configure.php, line 399]
2010-06-29 01:45:03 Warning: Warning (512): /persistent/ is not writable in [/home/takuji/project/cake/cake/libs/cache/file.php, line 267]
2010-06-29 01:45:03 Warning: Warning (512): /models/ is not writable in [/home/takuji/project/cake/cake/libs/cache/file.php, line 267]
2010-06-29 01:45:03 Warning: Warning (512): Cache not configured properly. Please check Cache::config(); in APP/config/core.php in [/home/takuji/project/cake/cake/libs/configure.php, line 399]
2010-06-29 01:45:03 Warning: Warning (512): /persistent/ is not writable in [/home/takuji/project/cake/cake/libs/cache/file.php, line 267]
2010-06-29 01:45:03 Warning: Warning (512): /models/ is not writable in [/home/takuji/project/cake/cake/libs/cache/file.php, line 267]
2010-06-29 01:45:04 Warning: Warning (512): Cache not configured properly. Please check Cache::config(); in APP/config/core.php in [/home/takuji/project/cake/cake/libs/configure.php, line 399]
2010-06-29 01:45:04 Warning: Warning (512): /persistent/ is not writable in [/home/takuji/project/cake/cake/libs/cache/file.php, line 267]
2010-06-29 01:45:04 Warning: Warning (512): /models/ is not writable in [/home/takuji/project/cake/cake/libs/cache/file.php, line 267]
2010-06-29 01:45:04 Warning: Warning (512): Cache not configured properly. Please check Cache::config(); in APP/config/core.php in [/home/takuji/project/cake/cake/libs/configure.php, line 399]
2010-06-29 01:45:04 Warning: Warning (512): Cache not configured properly. Please check Cache::config(); in APP/config/core.php in [/home/takuji/project/cake/cake/libs/configure.php, line 399]
2010-06-29 01:45:04 Warning: Warning (512): /persistent/ is not writable in [/home/takuji/project/cake/cake/libs/cache/file.php, line 267]
2010-06-29 01:45:04 Warning: Warning (512): /models/ is not writable in [/home/takuji/project/cake/cake/libs/cache/file.php, line 267]
2010-06-29 01:45:04 Warning: Warning (512): /persistent/ is not writable in [/home/takuji/project/cake/cake/libs/cache/file.php, line 267]
2010-06-29 01:45:04 Warning: Warning (512): /models/ is not writable in [/home/takuji/project/cake/cake/libs/cache/file.php, line 267]
2010-06-29 01:45:04 Warning: Warning (512): Cache not configured properly. Please check Cache::config(); in APP/config/core.php in [/home/takuji/project/cake/cake/libs/configure.php, line 399]
2010-06-29 01:45:04 Warning: Warning (512): /persistent/ is not writable in [/home/takuji/project/cake/cake/libs/cache/file.php, line 267]
2010-06-29 01:45:04 Warning: Warning (512): /models/ is not writable in [/home/takuji/project/cake/cake/libs/cache/file.php, line 267]
2010-06-29 01:45:04 Warning: Warning (512): Cache not configured properly. Please check Cache::config(); in APP/config/core.php in [/home/takuji/project/cake/cake/libs/configure.php, line 399]
2010-06-29 01:45:04 Warning: Warning (512): /persistent/ is not writable in [/home/takuji/project/cake/cake/libs/cache/file.php, line 267]
2010-06-29 01:45:04 Warning: Warning (512): /models/ is not writable in [/home/takuji/project/cake/cake/libs/cache/file.php, line 267]
2010-06-29 01:45:05 Warning: Warning (512): Cache not configured properly. Please check Cache::config(); in APP/config/core.php in [/home/takuji/project/cake/cake/libs/configure.php, line 399]
2010-06-29 01:45:05 Warning: Warning (512): /persistent/ is not writable in [/home/takuji/project/cake/cake/libs/cache/file.php, line 267]
2010-06-29 01:45:05 Warning: Warning (512): /models/ is not writable in [/home/takuji/project/cake/cake/libs/cache/file.php, line 267]
2010-06-29 01:45:05 Warning: Warning (512): Cache not configured properly. Please check Cache::config(); in APP/config/core.php in [/home/takuji/project/cake/cake/libs/configure.php, line 399]
2010-06-29 01:45:05 Warning: Warning (512): /persistent/ is not writable in [/home/takuji/project/cake/cake/libs/cache/file.php, line 267]
2010-06-29 01:45:05 Warning: Warning (512): /models/ is not writable in [/home/takuji/project/cake/cake/libs/cache/file.php, line 267]
2010-06-29 01:45:24 Warning: Warning (512): Cache not configured properly. Please check Cache::config(); in APP/config/core.php in [/home/takuji/project/cake/cake/libs/configure.php, line 399]
2010-06-29 01:45:24 Warning: Warning (512): /persistent/ is not writable in [/home/takuji/project/cake/cake/libs/cache/file.php, line 267]
2010-06-29 01:45:24 Warning: Warning (512): /models/ is not writable in [/home/takuji/project/cake/cake/libs/cache/file.php, line 267]
2010-06-29 01:45:24 Warning: Warning (512): Cache not configured properly. Please check Cache::config(); in APP/config/core.php in [/home/takuji/project/cake/cake/libs/configure.php, line 399]
2010-06-29 01:45:24 Warning: Warning (512): /persistent/ is not writable in [/home/takuji/project/cake/cake/libs/cache/file.php, line 267]
2010-06-29 01:45:24 Warning: Warning (512): /models/ is not writable in [/home/takuji/project/cake/cake/libs/cache/file.php, line 267]
2010-06-29 01:45:25 Warning: Warning (512): Cache not configured properly. Please check Cache::config(); in APP/config/core.php in [/home/takuji/project/cake/cake/libs/configure.php, line 399]
2010-06-29 01:45:25 Warning: Warning (512): /persistent/ is not writable in [/home/takuji/project/cake/cake/libs/cache/file.php, line 267]
2010-06-29 01:45:25 Warning: Warning (512): /models/ is not writable in [/home/takuji/project/cake/cake/libs/cache/file.php, line 267]
2010-06-29 01:45:25 Warning: Warning (512): Cache not configured properly. Please check Cache::config(); in APP/config/core.php in [/home/takuji/project/cake/cake/libs/configure.php, line 399]
2010-06-29 01:45:25 Warning: Warning (512): /persistent/ is not writable in [/home/takuji/project/cake/cake/libs/cache/file.php, line 267]
2010-06-29 01:45:25 Warning: Warning (512): /models/ is not writable in [/home/takuji/project/cake/cake/libs/cache/file.php, line 267]
